2025-04-23 10:54:27,132 - INFO - Starting GWENA2GeneOntology Analysis
2025-04-23 10:54:27,132 - INFO - Input file: /Users/bigyambat/Desktop/GWENA2GeneOntology/test_data/Enrichment_Complete.xlsx
2025-04-23 10:54:27,132 - INFO - Output directory: /Users/bigyambat/Desktop/GWENA2GeneOntology/test_data/output_directory
2025-04-23 10:54:27,132 - INFO - Metascape location: /Users/bigyambat/Desktop/GWENA2GeneOntology/msbio_v3.5.20250101
2025-04-23 10:54:27,132 - INFO - Gene list Excel file: /Users/bigyambat/Desktop/GWENA2GeneOntology/test_data/Module_Genes_Post_Filtering.xlsx
2025-04-23 10:54:27,595 - INFO - Successfully loaded Excel file
2025-04-23 10:54:27,595 - INFO - Sample of input data:
2025-04-23 10:54:27,598 - INFO - 
   query  significant       p_value  term_size  query_size  intersection_size  precision    recall     term_id source                                                term_name  effective_domain_size  source_order        parents
0      0         True  5.123771e-03         17           2                  2   1.000000  0.117647  HP:0040196     HP                                        Mild microcephaly                   4958         15174     HP:0040195
1      1         True  3.956905e-27         74        1269                 72   0.056738  0.972973   CORUM:306  CORUM                                    Ribosome, cytoplasmic                   3383           183  CORUM:0000000
2      1         True  1.833596e-17         43        1269                 43   0.033885  1.000000   CORUM:308  CORUM                       60S ribosomal subunit, cytoplasmic                   3383           184  CORUM:0000000
3      1         True  1.219508e-13         93        1269                 72   0.056738  0.774194  CORUM:3055  CORUM                       Nop56p-associated pre-rRNA complex                   3383          1362  CORUM:0000000
4      1         True  1.184810e-10         44        1269                 39   0.030733  0.886364   CORUM:178  CORUM  Respiratory chain complex I (holoenzyme), mitochondrial                   3383            90  CORUM:0000000
2025-04-23 10:54:27,598 - INFO - Validating inputs...
2025-04-23 10:54:27,598 - INFO - Input file confirmed: /Users/bigyambat/Desktop/GWENA2GeneOntology/test_data/Enrichment_Complete.xlsx
2025-04-23 10:54:27,598 - INFO - Metascape location confirmed: /Users/bigyambat/Desktop/GWENA2GeneOntology/msbio_v3.5.20250101
2025-04-23 10:54:27,598 - INFO - Metascape script confirmed: /Users/bigyambat/Desktop/GWENA2GeneOntology/msbio_v3.5.20250101/bin/ms.sh
2025-04-23 10:54:27,598 - INFO - Output directory created/confirmed: /Users/bigyambat/Desktop/GWENA2GeneOntology/test_data/output_directory
2025-04-23 10:54:27,598 - INFO - Creating module files using query values
2025-04-23 10:54:27,601 - INFO - Saved module 0 data to /Users/bigyambat/Desktop/GWENA2GeneOntology/test_data/output_directory/module_gene_list/module_0_data.csv
2025-04-23 10:54:27,619 - INFO - Saved module 1 data to /Users/bigyambat/Desktop/GWENA2GeneOntology/test_data/output_directory/module_gene_list/module_1_data.csv
2025-04-23 10:54:27,621 - INFO - Saved module 10 data to /Users/bigyambat/Desktop/GWENA2GeneOntology/test_data/output_directory/module_gene_list/module_10_data.csv
2025-04-23 10:54:27,622 - INFO - Saved module 100 data to /Users/bigyambat/Desktop/GWENA2GeneOntology/test_data/output_directory/module_gene_list/module_100_data.csv
2025-04-23 10:54:27,623 - INFO - Saved module 101 data to /Users/bigyambat/Desktop/GWENA2GeneOntology/test_data/output_directory/module_gene_list/module_101_data.csv
2025-04-23 10:54:27,623 - INFO - Saved module 102 data to /Users/bigyambat/Desktop/GWENA2GeneOntology/test_data/output_directory/module_gene_list/module_102_data.csv
2025-04-23 10:54:27,624 - INFO - Saved module 103 data to /Users/bigyambat/Desktop/GWENA2GeneOntology/test_data/output_directory/module_gene_list/module_103_data.csv
2025-04-23 10:54:27,626 - INFO - Saved module 11 data to /Users/bigyambat/Desktop/GWENA2GeneOntology/test_data/output_directory/module_gene_list/module_11_data.csv
2025-04-23 10:54:27,627 - INFO - Saved module 12 data to /Users/bigyambat/Desktop/GWENA2GeneOntology/test_data/output_directory/module_gene_list/module_12_data.csv
2025-04-23 10:54:27,628 - INFO - Saved module 13 data to /Users/bigyambat/Desktop/GWENA2GeneOntology/test_data/output_directory/module_gene_list/module_13_data.csv
2025-04-23 10:54:27,629 - INFO - Saved module 14 data to /Users/bigyambat/Desktop/GWENA2GeneOntology/test_data/output_directory/module_gene_list/module_14_data.csv
2025-04-23 10:54:27,630 - INFO - Saved module 15 data to /Users/bigyambat/Desktop/GWENA2GeneOntology/test_data/output_directory/module_gene_list/module_15_data.csv
2025-04-23 10:54:27,630 - INFO - Saved module 16 data to /Users/bigyambat/Desktop/GWENA2GeneOntology/test_data/output_directory/module_gene_list/module_16_data.csv
2025-04-23 10:54:27,631 - INFO - Saved module 17 data to /Users/bigyambat/Desktop/GWENA2GeneOntology/test_data/output_directory/module_gene_list/module_17_data.csv
2025-04-23 10:54:27,631 - INFO - Saved module 18 data to /Users/bigyambat/Desktop/GWENA2GeneOntology/test_data/output_directory/module_gene_list/module_18_data.csv
2025-04-23 10:54:27,631 - INFO - Saved module 19 data to /Users/bigyambat/Desktop/GWENA2GeneOntology/test_data/output_directory/module_gene_list/module_19_data.csv
2025-04-23 10:54:27,635 - INFO - Saved module 2 data to /Users/bigyambat/Desktop/GWENA2GeneOntology/test_data/output_directory/module_gene_list/module_2_data.csv
2025-04-23 10:54:27,636 - INFO - Saved module 20 data to /Users/bigyambat/Desktop/GWENA2GeneOntology/test_data/output_directory/module_gene_list/module_20_data.csv
2025-04-23 10:54:27,636 - INFO - Saved module 21 data to /Users/bigyambat/Desktop/GWENA2GeneOntology/test_data/output_directory/module_gene_list/module_21_data.csv
2025-04-23 10:54:27,637 - INFO - Saved module 22 data to /Users/bigyambat/Desktop/GWENA2GeneOntology/test_data/output_directory/module_gene_list/module_22_data.csv
2025-04-23 10:54:27,637 - INFO - Saved module 23 data to /Users/bigyambat/Desktop/GWENA2GeneOntology/test_data/output_directory/module_gene_list/module_23_data.csv
2025-04-23 10:54:27,638 - INFO - Saved module 24 data to /Users/bigyambat/Desktop/GWENA2GeneOntology/test_data/output_directory/module_gene_list/module_24_data.csv
2025-04-23 10:54:27,638 - INFO - Saved module 25 data to /Users/bigyambat/Desktop/GWENA2GeneOntology/test_data/output_directory/module_gene_list/module_25_data.csv
2025-04-23 10:54:27,638 - INFO - Saved module 26 data to /Users/bigyambat/Desktop/GWENA2GeneOntology/test_data/output_directory/module_gene_list/module_26_data.csv
2025-04-23 10:54:27,639 - INFO - Saved module 27 data to /Users/bigyambat/Desktop/GWENA2GeneOntology/test_data/output_directory/module_gene_list/module_27_data.csv
2025-04-23 10:54:27,639 - INFO - Saved module 28 data to /Users/bigyambat/Desktop/GWENA2GeneOntology/test_data/output_directory/module_gene_list/module_28_data.csv
2025-04-23 10:54:27,640 - INFO - Saved module 29 data to /Users/bigyambat/Desktop/GWENA2GeneOntology/test_data/output_directory/module_gene_list/module_29_data.csv
2025-04-23 10:54:27,644 - INFO - Saved module 3 data to /Users/bigyambat/Desktop/GWENA2GeneOntology/test_data/output_directory/module_gene_list/module_3_data.csv
2025-04-23 10:54:27,645 - INFO - Saved module 30 data to /Users/bigyambat/Desktop/GWENA2GeneOntology/test_data/output_directory/module_gene_list/module_30_data.csv
2025-04-23 10:54:27,646 - INFO - Saved module 31 data to /Users/bigyambat/Desktop/GWENA2GeneOntology/test_data/output_directory/module_gene_list/module_31_data.csv
2025-04-23 10:54:27,646 - INFO - Saved module 32 data to /Users/bigyambat/Desktop/GWENA2GeneOntology/test_data/output_directory/module_gene_list/module_32_data.csv
2025-04-23 10:54:27,646 - INFO - Saved module 34 data to /Users/bigyambat/Desktop/GWENA2GeneOntology/test_data/output_directory/module_gene_list/module_34_data.csv
2025-04-23 10:54:27,647 - INFO - Saved module 36 data to /Users/bigyambat/Desktop/GWENA2GeneOntology/test_data/output_directory/module_gene_list/module_36_data.csv
2025-04-23 10:54:27,647 - INFO - Saved module 38 data to /Users/bigyambat/Desktop/GWENA2GeneOntology/test_data/output_directory/module_gene_list/module_38_data.csv
2025-04-23 10:54:27,648 - INFO - Saved module 39 data to /Users/bigyambat/Desktop/GWENA2GeneOntology/test_data/output_directory/module_gene_list/module_39_data.csv
2025-04-23 10:54:27,651 - INFO - Saved module 4 data to /Users/bigyambat/Desktop/GWENA2GeneOntology/test_data/output_directory/module_gene_list/module_4_data.csv
2025-04-23 10:54:27,651 - INFO - Saved module 41 data to /Users/bigyambat/Desktop/GWENA2GeneOntology/test_data/output_directory/module_gene_list/module_41_data.csv
2025-04-23 10:54:27,652 - INFO - Saved module 42 data to /Users/bigyambat/Desktop/GWENA2GeneOntology/test_data/output_directory/module_gene_list/module_42_data.csv
2025-04-23 10:54:27,652 - INFO - Saved module 43 data to /Users/bigyambat/Desktop/GWENA2GeneOntology/test_data/output_directory/module_gene_list/module_43_data.csv
2025-04-23 10:54:27,653 - INFO - Saved module 44 data to /Users/bigyambat/Desktop/GWENA2GeneOntology/test_data/output_directory/module_gene_list/module_44_data.csv
2025-04-23 10:54:27,653 - INFO - Saved module 46 data to /Users/bigyambat/Desktop/GWENA2GeneOntology/test_data/output_directory/module_gene_list/module_46_data.csv
2025-04-23 10:54:27,654 - INFO - Saved module 48 data to /Users/bigyambat/Desktop/GWENA2GeneOntology/test_data/output_directory/module_gene_list/module_48_data.csv
2025-04-23 10:54:27,656 - INFO - Saved module 5 data to /Users/bigyambat/Desktop/GWENA2GeneOntology/test_data/output_directory/module_gene_list/module_5_data.csv
2025-04-23 10:54:27,656 - INFO - Saved module 51 data to /Users/bigyambat/Desktop/GWENA2GeneOntology/test_data/output_directory/module_gene_list/module_51_data.csv
2025-04-23 10:54:27,657 - INFO - Saved module 52 data to /Users/bigyambat/Desktop/GWENA2GeneOntology/test_data/output_directory/module_gene_list/module_52_data.csv
2025-04-23 10:54:27,658 - INFO - Saved module 53 data to /Users/bigyambat/Desktop/GWENA2GeneOntology/test_data/output_directory/module_gene_list/module_53_data.csv
2025-04-23 10:54:27,658 - INFO - Saved module 54 data to /Users/bigyambat/Desktop/GWENA2GeneOntology/test_data/output_directory/module_gene_list/module_54_data.csv
2025-04-23 10:54:27,659 - INFO - Saved module 55 data to /Users/bigyambat/Desktop/GWENA2GeneOntology/test_data/output_directory/module_gene_list/module_55_data.csv
2025-04-23 10:54:27,659 - INFO - Saved module 56 data to /Users/bigyambat/Desktop/GWENA2GeneOntology/test_data/output_directory/module_gene_list/module_56_data.csv
2025-04-23 10:54:27,660 - INFO - Saved module 58 data to /Users/bigyambat/Desktop/GWENA2GeneOntology/test_data/output_directory/module_gene_list/module_58_data.csv
2025-04-23 10:54:27,660 - INFO - Saved module 59 data to /Users/bigyambat/Desktop/GWENA2GeneOntology/test_data/output_directory/module_gene_list/module_59_data.csv
2025-04-23 10:54:27,662 - INFO - Saved module 6 data to /Users/bigyambat/Desktop/GWENA2GeneOntology/test_data/output_directory/module_gene_list/module_6_data.csv
2025-04-23 10:54:27,662 - INFO - Saved module 61 data to /Users/bigyambat/Desktop/GWENA2GeneOntology/test_data/output_directory/module_gene_list/module_61_data.csv
2025-04-23 10:54:27,663 - INFO - Saved module 62 data to /Users/bigyambat/Desktop/GWENA2GeneOntology/test_data/output_directory/module_gene_list/module_62_data.csv
2025-04-23 10:54:27,663 - INFO - Saved module 63 data to /Users/bigyambat/Desktop/GWENA2GeneOntology/test_data/output_directory/module_gene_list/module_63_data.csv
2025-04-23 10:54:27,664 - INFO - Saved module 64 data to /Users/bigyambat/Desktop/GWENA2GeneOntology/test_data/output_directory/module_gene_list/module_64_data.csv
2025-04-23 10:54:27,664 - INFO - Saved module 66 data to /Users/bigyambat/Desktop/GWENA2GeneOntology/test_data/output_directory/module_gene_list/module_66_data.csv
2025-04-23 10:54:27,664 - INFO - Saved module 67 data to /Users/bigyambat/Desktop/GWENA2GeneOntology/test_data/output_directory/module_gene_list/module_67_data.csv
2025-04-23 10:54:27,665 - INFO - Saved module 68 data to /Users/bigyambat/Desktop/GWENA2GeneOntology/test_data/output_directory/module_gene_list/module_68_data.csv
2025-04-23 10:54:27,666 - INFO - Saved module 7 data to /Users/bigyambat/Desktop/GWENA2GeneOntology/test_data/output_directory/module_gene_list/module_7_data.csv
2025-04-23 10:54:27,666 - INFO - Saved module 71 data to /Users/bigyambat/Desktop/GWENA2GeneOntology/test_data/output_directory/module_gene_list/module_71_data.csv
2025-04-23 10:54:27,667 - INFO - Saved module 72 data to /Users/bigyambat/Desktop/GWENA2GeneOntology/test_data/output_directory/module_gene_list/module_72_data.csv
2025-04-23 10:54:27,667 - INFO - Saved module 73 data to /Users/bigyambat/Desktop/GWENA2GeneOntology/test_data/output_directory/module_gene_list/module_73_data.csv
2025-04-23 10:54:27,668 - INFO - Saved module 74 data to /Users/bigyambat/Desktop/GWENA2GeneOntology/test_data/output_directory/module_gene_list/module_74_data.csv
2025-04-23 10:54:27,668 - INFO - Saved module 75 data to /Users/bigyambat/Desktop/GWENA2GeneOntology/test_data/output_directory/module_gene_list/module_75_data.csv
2025-04-23 10:54:27,668 - INFO - Saved module 76 data to /Users/bigyambat/Desktop/GWENA2GeneOntology/test_data/output_directory/module_gene_list/module_76_data.csv
2025-04-23 10:54:27,669 - INFO - Saved module 77 data to /Users/bigyambat/Desktop/GWENA2GeneOntology/test_data/output_directory/module_gene_list/module_77_data.csv
2025-04-23 10:54:27,669 - INFO - Saved module 78 data to /Users/bigyambat/Desktop/GWENA2GeneOntology/test_data/output_directory/module_gene_list/module_78_data.csv
2025-04-23 10:54:27,670 - INFO - Saved module 8 data to /Users/bigyambat/Desktop/GWENA2GeneOntology/test_data/output_directory/module_gene_list/module_8_data.csv
2025-04-23 10:54:27,671 - INFO - Saved module 81 data to /Users/bigyambat/Desktop/GWENA2GeneOntology/test_data/output_directory/module_gene_list/module_81_data.csv
2025-04-23 10:54:27,671 - INFO - Saved module 82 data to /Users/bigyambat/Desktop/GWENA2GeneOntology/test_data/output_directory/module_gene_list/module_82_data.csv
2025-04-23 10:54:27,671 - INFO - Saved module 83 data to /Users/bigyambat/Desktop/GWENA2GeneOntology/test_data/output_directory/module_gene_list/module_83_data.csv
2025-04-23 10:54:27,672 - INFO - Saved module 86 data to /Users/bigyambat/Desktop/GWENA2GeneOntology/test_data/output_directory/module_gene_list/module_86_data.csv
2025-04-23 10:54:27,672 - INFO - Saved module 87 data to /Users/bigyambat/Desktop/GWENA2GeneOntology/test_data/output_directory/module_gene_list/module_87_data.csv
2025-04-23 10:54:27,673 - INFO - Saved module 88 data to /Users/bigyambat/Desktop/GWENA2GeneOntology/test_data/output_directory/module_gene_list/module_88_data.csv
2025-04-23 10:54:27,673 - INFO - Saved module 89 data to /Users/bigyambat/Desktop/GWENA2GeneOntology/test_data/output_directory/module_gene_list/module_89_data.csv
2025-04-23 10:54:27,674 - INFO - Saved module 9 data to /Users/bigyambat/Desktop/GWENA2GeneOntology/test_data/output_directory/module_gene_list/module_9_data.csv
2025-04-23 10:54:27,675 - INFO - Saved module 90 data to /Users/bigyambat/Desktop/GWENA2GeneOntology/test_data/output_directory/module_gene_list/module_90_data.csv
2025-04-23 10:54:27,676 - INFO - Saved module 91 data to /Users/bigyambat/Desktop/GWENA2GeneOntology/test_data/output_directory/module_gene_list/module_91_data.csv
2025-04-23 10:54:27,676 - INFO - Saved module 92 data to /Users/bigyambat/Desktop/GWENA2GeneOntology/test_data/output_directory/module_gene_list/module_92_data.csv
2025-04-23 10:54:27,677 - INFO - Saved module 93 data to /Users/bigyambat/Desktop/GWENA2GeneOntology/test_data/output_directory/module_gene_list/module_93_data.csv
2025-04-23 10:54:27,678 - INFO - Saved module 95 data to /Users/bigyambat/Desktop/GWENA2GeneOntology/test_data/output_directory/module_gene_list/module_95_data.csv
2025-04-23 10:54:27,678 - INFO - Saved module 96 data to /Users/bigyambat/Desktop/GWENA2GeneOntology/test_data/output_directory/module_gene_list/module_96_data.csv
2025-04-23 10:54:27,679 - INFO - Saved module 98 data to /Users/bigyambat/Desktop/GWENA2GeneOntology/test_data/output_directory/module_gene_list/module_98_data.csv
2025-04-23 10:54:27,679 - INFO - Saved module 99 data to /Users/bigyambat/Desktop/GWENA2GeneOntology/test_data/output_directory/module_gene_list/module_99_data.csv
2025-04-23 10:54:27,679 - INFO - Running Metascape using gene list Excel file: /Users/bigyambat/Desktop/GWENA2GeneOntology/test_data/Module_Genes_Post_Filtering.xlsx
2025-04-23 10:54:27,714 - INFO - Running Metascape command: /Users/bigyambat/Desktop/GWENA2GeneOntology/msbio_v3.5.20250101/bin/ms.sh -u -o /Users/bigyambat/Desktop/GWENA2GeneOntology/test_data/output_directory/metascape_output/module_1 /Users/bigyambat/Desktop/GWENA2GeneOntology/test_data/output_directory/metascape_output/module_1/module_1_gene_list.txt
2025-04-23 10:54:34,837 - INFO - Metascape stdout:
License file /license/license.txt not found.
To obtain a free license.txt file, visit https://metascape.org/msbio.html

2025-04-23 10:54:34,838 - INFO - Metascape stderr:
WARNING: The requested image's platform (linux/amd64) does not match the detected host platform (linux/arm64/v8) and no specific platform was requested
WARNING: The requested image's platform (linux/amd64) does not match the detected host platform (linux/arm64/v8) and no specific platform was requested
WARNING: The requested image's platform (linux/amd64) does not match the detected host platform (linux/arm64/v8) and no specific platform was requested
WARNING: The requested image's platform (linux/amd64) does not match the detected host platform (linux/arm64/v8) and no specific platform was requested
WARNING: The requested image's platform (linux/amd64) does not match the detected host platform (linux/arm64/v8) and no specific platform was requested

2025-04-23 10:54:34,838 - INFO - Completed Metascape for module 1. Output: /Users/bigyambat/Desktop/GWENA2GeneOntology/test_data/output_directory/metascape_output/module_1
2025-04-23 10:54:34,840 - INFO - Running Metascape command: /Users/bigyambat/Desktop/GWENA2GeneOntology/msbio_v3.5.20250101/bin/ms.sh -u -o /Users/bigyambat/Desktop/GWENA2GeneOntology/test_data/output_directory/metascape_output/module_2 /Users/bigyambat/Desktop/GWENA2GeneOntology/test_data/output_directory/metascape_output/module_2/module_2_gene_list.txt
2025-04-23 10:54:38,416 - INFO - Metascape stdout:
License file /license/license.txt not found.
To obtain a free license.txt file, visit https://metascape.org/msbio.html

2025-04-23 10:54:38,416 - INFO - Metascape stderr:
WARNING: The requested image's platform (linux/amd64) does not match the detected host platform (linux/arm64/v8) and no specific platform was requested
WARNING: The requested image's platform (linux/amd64) does not match the detected host platform (linux/arm64/v8) and no specific platform was requested
WARNING: The requested image's platform (linux/amd64) does not match the detected host platform (linux/arm64/v8) and no specific platform was requested
WARNING: The requested image's platform (linux/amd64) does not match the detected host platform (linux/arm64/v8) and no specific platform was requested
WARNING: The requested image's platform (linux/amd64) does not match the detected host platform (linux/arm64/v8) and no specific platform was requested

2025-04-23 10:54:38,416 - INFO - Completed Metascape for module 2. Output: /Users/bigyambat/Desktop/GWENA2GeneOntology/test_data/output_directory/metascape_output/module_2
2025-04-23 10:54:38,417 - INFO - Processing 85 module files for GO analysis
2025-04-23 10:54:38,417 - INFO - Running GoFigure analysis for module_0_data.csv
2025-04-23 10:54:38,422 - INFO - Creating GoFigure input for module 0
2025-04-23 10:54:38,424 - INFO - Saved GoFigure input file to /Users/bigyambat/Desktop/GWENA2GeneOntology/test_data/output_directory/GoFigure/module_0_data/module_0_GO_Terms.tsv
2025-04-23 10:54:38,425 - INFO - Found GoFigure script at /Users/bigyambat/miniforge3/pkgs/go-figure-1.0.2-hdfd78af_0/python-scripts/gofigure.py
2025-04-23 10:54:40,530 - INFO - Completed GoFigure analysis for module_0_data.csv
2025-04-23 10:54:40,531 - INFO - Running GoFigure analysis for module_1_data.csv
2025-04-23 10:54:40,538 - INFO - Creating GoFigure input for module 1
2025-04-23 10:54:40,541 - INFO - Saved GoFigure input file to /Users/bigyambat/Desktop/GWENA2GeneOntology/test_data/output_directory/GoFigure/module_1_data/module_1_GO_Terms.tsv
2025-04-23 10:54:40,542 - INFO - Found GoFigure script at /Users/bigyambat/miniforge3/pkgs/go-figure-1.0.2-hdfd78af_0/python-scripts/gofigure.py
