2025-04-23 11:03:43,383 - INFO - Starting GWENA2GeneOntology Analysis
2025-04-23 11:03:43,383 - INFO - Input file: /Users/bigyambat/Desktop/GWENA2GeneOntology/test_data/Enrichment_Complete.xlsx
2025-04-23 11:03:43,383 - INFO - Output directory: /Users/bigyambat/Desktop/GWENA2GeneOntology/test_data/output_directory
2025-04-23 11:03:43,383 - INFO - Metascape location: /Users/bigyambat/Desktop/GWENA2GeneOntology/msbio_v3.5.20250101
2025-04-23 11:03:43,383 - INFO - Gene list Excel file: /Users/bigyambat/Desktop/GWENA2GeneOntology/test_data/Module_Genes_Post_Filtering.xlsx
2025-04-23 11:03:43,855 - INFO - Successfully loaded Excel file
2025-04-23 11:03:43,856 - INFO - Sample of input data:
2025-04-23 11:03:43,858 - INFO - 
   query  significant       p_value  term_size  query_size  intersection_size  precision    recall     term_id source                                                term_name  effective_domain_size  source_order        parents
0      0         True  5.123771e-03         17           2                  2   1.000000  0.117647  HP:0040196     HP                                        Mild microcephaly                   4958         15174     HP:0040195
1      1         True  3.956905e-27         74        1269                 72   0.056738  0.972973   CORUM:306  CORUM                                    Ribosome, cytoplasmic                   3383           183  CORUM:0000000
2      1         True  1.833596e-17         43        1269                 43   0.033885  1.000000   CORUM:308  CORUM                       60S ribosomal subunit, cytoplasmic                   3383           184  CORUM:0000000
3      1         True  1.219508e-13         93        1269                 72   0.056738  0.774194  CORUM:3055  CORUM                       Nop56p-associated pre-rRNA complex                   3383          1362  CORUM:0000000
4      1         True  1.184810e-10         44        1269                 39   0.030733  0.886364   CORUM:178  CORUM  Respiratory chain complex I (holoenzyme), mitochondrial                   3383            90  CORUM:0000000
2025-04-23 11:03:43,859 - INFO - Validating inputs...
2025-04-23 11:03:43,859 - INFO - Input file confirmed: /Users/bigyambat/Desktop/GWENA2GeneOntology/test_data/Enrichment_Complete.xlsx
2025-04-23 11:03:43,859 - INFO - Metascape location confirmed: /Users/bigyambat/Desktop/GWENA2GeneOntology/msbio_v3.5.20250101
2025-04-23 11:03:43,859 - INFO - Metascape script confirmed: /Users/bigyambat/Desktop/GWENA2GeneOntology/msbio_v3.5.20250101/bin/ms.sh
2025-04-23 11:03:43,859 - INFO - Output directory created/confirmed: /Users/bigyambat/Desktop/GWENA2GeneOntology/test_data/output_directory
2025-04-23 11:03:43,859 - INFO - Creating module files using query values
2025-04-23 11:03:43,862 - INFO - Saved module 0 data to /Users/bigyambat/Desktop/GWENA2GeneOntology/test_data/output_directory/module_gene_list/module_0_data.csv
2025-04-23 11:03:43,879 - INFO - Saved module 1 data to /Users/bigyambat/Desktop/GWENA2GeneOntology/test_data/output_directory/module_gene_list/module_1_data.csv
2025-04-23 11:03:43,881 - INFO - Saved module 10 data to /Users/bigyambat/Desktop/GWENA2GeneOntology/test_data/output_directory/module_gene_list/module_10_data.csv
2025-04-23 11:03:43,881 - INFO - Saved module 100 data to /Users/bigyambat/Desktop/GWENA2GeneOntology/test_data/output_directory/module_gene_list/module_100_data.csv
2025-04-23 11:03:43,882 - INFO - Saved module 101 data to /Users/bigyambat/Desktop/GWENA2GeneOntology/test_data/output_directory/module_gene_list/module_101_data.csv
2025-04-23 11:03:43,882 - INFO - Saved module 102 data to /Users/bigyambat/Desktop/GWENA2GeneOntology/test_data/output_directory/module_gene_list/module_102_data.csv
2025-04-23 11:03:43,883 - INFO - Saved module 103 data to /Users/bigyambat/Desktop/GWENA2GeneOntology/test_data/output_directory/module_gene_list/module_103_data.csv
2025-04-23 11:03:43,885 - INFO - Saved module 11 data to /Users/bigyambat/Desktop/GWENA2GeneOntology/test_data/output_directory/module_gene_list/module_11_data.csv
2025-04-23 11:03:43,885 - INFO - Saved module 12 data to /Users/bigyambat/Desktop/GWENA2GeneOntology/test_data/output_directory/module_gene_list/module_12_data.csv
2025-04-23 11:03:43,886 - INFO - Saved module 13 data to /Users/bigyambat/Desktop/GWENA2GeneOntology/test_data/output_directory/module_gene_list/module_13_data.csv
2025-04-23 11:03:43,886 - INFO - Saved module 14 data to /Users/bigyambat/Desktop/GWENA2GeneOntology/test_data/output_directory/module_gene_list/module_14_data.csv
2025-04-23 11:03:43,887 - INFO - Saved module 15 data to /Users/bigyambat/Desktop/GWENA2GeneOntology/test_data/output_directory/module_gene_list/module_15_data.csv
2025-04-23 11:03:43,887 - INFO - Saved module 16 data to /Users/bigyambat/Desktop/GWENA2GeneOntology/test_data/output_directory/module_gene_list/module_16_data.csv
2025-04-23 11:03:43,888 - INFO - Saved module 17 data to /Users/bigyambat/Desktop/GWENA2GeneOntology/test_data/output_directory/module_gene_list/module_17_data.csv
2025-04-23 11:03:43,888 - INFO - Saved module 18 data to /Users/bigyambat/Desktop/GWENA2GeneOntology/test_data/output_directory/module_gene_list/module_18_data.csv
2025-04-23 11:03:43,889 - INFO - Saved module 19 data to /Users/bigyambat/Desktop/GWENA2GeneOntology/test_data/output_directory/module_gene_list/module_19_data.csv
2025-04-23 11:03:43,892 - INFO - Saved module 2 data to /Users/bigyambat/Desktop/GWENA2GeneOntology/test_data/output_directory/module_gene_list/module_2_data.csv
2025-04-23 11:03:43,893 - INFO - Saved module 20 data to /Users/bigyambat/Desktop/GWENA2GeneOntology/test_data/output_directory/module_gene_list/module_20_data.csv
2025-04-23 11:03:43,894 - INFO - Saved module 21 data to /Users/bigyambat/Desktop/GWENA2GeneOntology/test_data/output_directory/module_gene_list/module_21_data.csv
2025-04-23 11:03:43,894 - INFO - Saved module 22 data to /Users/bigyambat/Desktop/GWENA2GeneOntology/test_data/output_directory/module_gene_list/module_22_data.csv
2025-04-23 11:03:43,897 - INFO - Saved module 23 data to /Users/bigyambat/Desktop/GWENA2GeneOntology/test_data/output_directory/module_gene_list/module_23_data.csv
2025-04-23 11:03:43,897 - INFO - Saved module 24 data to /Users/bigyambat/Desktop/GWENA2GeneOntology/test_data/output_directory/module_gene_list/module_24_data.csv
2025-04-23 11:03:43,898 - INFO - Saved module 25 data to /Users/bigyambat/Desktop/GWENA2GeneOntology/test_data/output_directory/module_gene_list/module_25_data.csv
2025-04-23 11:03:43,899 - INFO - Saved module 26 data to /Users/bigyambat/Desktop/GWENA2GeneOntology/test_data/output_directory/module_gene_list/module_26_data.csv
2025-04-23 11:03:43,900 - INFO - Saved module 27 data to /Users/bigyambat/Desktop/GWENA2GeneOntology/test_data/output_directory/module_gene_list/module_27_data.csv
2025-04-23 11:03:43,901 - INFO - Saved module 28 data to /Users/bigyambat/Desktop/GWENA2GeneOntology/test_data/output_directory/module_gene_list/module_28_data.csv
2025-04-23 11:03:43,901 - INFO - Saved module 29 data to /Users/bigyambat/Desktop/GWENA2GeneOntology/test_data/output_directory/module_gene_list/module_29_data.csv
2025-04-23 11:03:43,905 - INFO - Saved module 3 data to /Users/bigyambat/Desktop/GWENA2GeneOntology/test_data/output_directory/module_gene_list/module_3_data.csv
2025-04-23 11:03:43,906 - INFO - Saved module 30 data to /Users/bigyambat/Desktop/GWENA2GeneOntology/test_data/output_directory/module_gene_list/module_30_data.csv
2025-04-23 11:03:43,906 - INFO - Saved module 31 data to /Users/bigyambat/Desktop/GWENA2GeneOntology/test_data/output_directory/module_gene_list/module_31_data.csv
2025-04-23 11:03:43,906 - INFO - Saved module 32 data to /Users/bigyambat/Desktop/GWENA2GeneOntology/test_data/output_directory/module_gene_list/module_32_data.csv
2025-04-23 11:03:43,907 - INFO - Saved module 34 data to /Users/bigyambat/Desktop/GWENA2GeneOntology/test_data/output_directory/module_gene_list/module_34_data.csv
2025-04-23 11:03:43,907 - INFO - Saved module 36 data to /Users/bigyambat/Desktop/GWENA2GeneOntology/test_data/output_directory/module_gene_list/module_36_data.csv
2025-04-23 11:03:43,908 - INFO - Saved module 38 data to /Users/bigyambat/Desktop/GWENA2GeneOntology/test_data/output_directory/module_gene_list/module_38_data.csv
2025-04-23 11:03:43,908 - INFO - Saved module 39 data to /Users/bigyambat/Desktop/GWENA2GeneOntology/test_data/output_directory/module_gene_list/module_39_data.csv
2025-04-23 11:03:43,911 - INFO - Saved module 4 data to /Users/bigyambat/Desktop/GWENA2GeneOntology/test_data/output_directory/module_gene_list/module_4_data.csv
2025-04-23 11:03:43,912 - INFO - Saved module 41 data to /Users/bigyambat/Desktop/GWENA2GeneOntology/test_data/output_directory/module_gene_list/module_41_data.csv
2025-04-23 11:03:43,913 - INFO - Saved module 42 data to /Users/bigyambat/Desktop/GWENA2GeneOntology/test_data/output_directory/module_gene_list/module_42_data.csv
2025-04-23 11:03:43,914 - INFO - Saved module 43 data to /Users/bigyambat/Desktop/GWENA2GeneOntology/test_data/output_directory/module_gene_list/module_43_data.csv
2025-04-23 11:03:43,914 - INFO - Saved module 44 data to /Users/bigyambat/Desktop/GWENA2GeneOntology/test_data/output_directory/module_gene_list/module_44_data.csv
2025-04-23 11:03:43,915 - INFO - Saved module 46 data to /Users/bigyambat/Desktop/GWENA2GeneOntology/test_data/output_directory/module_gene_list/module_46_data.csv
2025-04-23 11:03:43,915 - INFO - Saved module 48 data to /Users/bigyambat/Desktop/GWENA2GeneOntology/test_data/output_directory/module_gene_list/module_48_data.csv
2025-04-23 11:03:43,916 - INFO - Saved module 5 data to /Users/bigyambat/Desktop/GWENA2GeneOntology/test_data/output_directory/module_gene_list/module_5_data.csv
2025-04-23 11:03:43,917 - INFO - Saved module 51 data to /Users/bigyambat/Desktop/GWENA2GeneOntology/test_data/output_directory/module_gene_list/module_51_data.csv
2025-04-23 11:03:43,917 - INFO - Saved module 52 data to /Users/bigyambat/Desktop/GWENA2GeneOntology/test_data/output_directory/module_gene_list/module_52_data.csv
2025-04-23 11:03:43,918 - INFO - Saved module 53 data to /Users/bigyambat/Desktop/GWENA2GeneOntology/test_data/output_directory/module_gene_list/module_53_data.csv
2025-04-23 11:03:43,918 - INFO - Saved module 54 data to /Users/bigyambat/Desktop/GWENA2GeneOntology/test_data/output_directory/module_gene_list/module_54_data.csv
2025-04-23 11:03:43,919 - INFO - Saved module 55 data to /Users/bigyambat/Desktop/GWENA2GeneOntology/test_data/output_directory/module_gene_list/module_55_data.csv
2025-04-23 11:03:43,919 - INFO - Saved module 56 data to /Users/bigyambat/Desktop/GWENA2GeneOntology/test_data/output_directory/module_gene_list/module_56_data.csv
2025-04-23 11:03:43,919 - INFO - Saved module 58 data to /Users/bigyambat/Desktop/GWENA2GeneOntology/test_data/output_directory/module_gene_list/module_58_data.csv
2025-04-23 11:03:43,920 - INFO - Saved module 59 data to /Users/bigyambat/Desktop/GWENA2GeneOntology/test_data/output_directory/module_gene_list/module_59_data.csv
2025-04-23 11:03:43,921 - INFO - Saved module 6 data to /Users/bigyambat/Desktop/GWENA2GeneOntology/test_data/output_directory/module_gene_list/module_6_data.csv
2025-04-23 11:03:43,922 - INFO - Saved module 61 data to /Users/bigyambat/Desktop/GWENA2GeneOntology/test_data/output_directory/module_gene_list/module_61_data.csv
2025-04-23 11:03:43,922 - INFO - Saved module 62 data to /Users/bigyambat/Desktop/GWENA2GeneOntology/test_data/output_directory/module_gene_list/module_62_data.csv
2025-04-23 11:03:43,923 - INFO - Saved module 63 data to /Users/bigyambat/Desktop/GWENA2GeneOntology/test_data/output_directory/module_gene_list/module_63_data.csv
2025-04-23 11:03:43,923 - INFO - Saved module 64 data to /Users/bigyambat/Desktop/GWENA2GeneOntology/test_data/output_directory/module_gene_list/module_64_data.csv
2025-04-23 11:03:43,923 - INFO - Saved module 66 data to /Users/bigyambat/Desktop/GWENA2GeneOntology/test_data/output_directory/module_gene_list/module_66_data.csv
2025-04-23 11:03:43,924 - INFO - Saved module 67 data to /Users/bigyambat/Desktop/GWENA2GeneOntology/test_data/output_directory/module_gene_list/module_67_data.csv
2025-04-23 11:03:43,924 - INFO - Saved module 68 data to /Users/bigyambat/Desktop/GWENA2GeneOntology/test_data/output_directory/module_gene_list/module_68_data.csv
2025-04-23 11:03:43,925 - INFO - Saved module 7 data to /Users/bigyambat/Desktop/GWENA2GeneOntology/test_data/output_directory/module_gene_list/module_7_data.csv
2025-04-23 11:03:43,926 - INFO - Saved module 71 data to /Users/bigyambat/Desktop/GWENA2GeneOntology/test_data/output_directory/module_gene_list/module_71_data.csv
2025-04-23 11:03:43,926 - INFO - Saved module 72 data to /Users/bigyambat/Desktop/GWENA2GeneOntology/test_data/output_directory/module_gene_list/module_72_data.csv
2025-04-23 11:03:43,927 - INFO - Saved module 73 data to /Users/bigyambat/Desktop/GWENA2GeneOntology/test_data/output_directory/module_gene_list/module_73_data.csv
2025-04-23 11:03:43,927 - INFO - Saved module 74 data to /Users/bigyambat/Desktop/GWENA2GeneOntology/test_data/output_directory/module_gene_list/module_74_data.csv
2025-04-23 11:03:43,928 - INFO - Saved module 75 data to /Users/bigyambat/Desktop/GWENA2GeneOntology/test_data/output_directory/module_gene_list/module_75_data.csv
2025-04-23 11:03:43,928 - INFO - Saved module 76 data to /Users/bigyambat/Desktop/GWENA2GeneOntology/test_data/output_directory/module_gene_list/module_76_data.csv
2025-04-23 11:03:43,929 - INFO - Saved module 77 data to /Users/bigyambat/Desktop/GWENA2GeneOntology/test_data/output_directory/module_gene_list/module_77_data.csv
2025-04-23 11:03:43,929 - INFO - Saved module 78 data to /Users/bigyambat/Desktop/GWENA2GeneOntology/test_data/output_directory/module_gene_list/module_78_data.csv
2025-04-23 11:03:43,930 - INFO - Saved module 8 data to /Users/bigyambat/Desktop/GWENA2GeneOntology/test_data/output_directory/module_gene_list/module_8_data.csv
2025-04-23 11:03:43,930 - INFO - Saved module 81 data to /Users/bigyambat/Desktop/GWENA2GeneOntology/test_data/output_directory/module_gene_list/module_81_data.csv
2025-04-23 11:03:43,931 - INFO - Saved module 82 data to /Users/bigyambat/Desktop/GWENA2GeneOntology/test_data/output_directory/module_gene_list/module_82_data.csv
2025-04-23 11:03:43,931 - INFO - Saved module 83 data to /Users/bigyambat/Desktop/GWENA2GeneOntology/test_data/output_directory/module_gene_list/module_83_data.csv
2025-04-23 11:03:43,932 - INFO - Saved module 86 data to /Users/bigyambat/Desktop/GWENA2GeneOntology/test_data/output_directory/module_gene_list/module_86_data.csv
2025-04-23 11:03:43,932 - INFO - Saved module 87 data to /Users/bigyambat/Desktop/GWENA2GeneOntology/test_data/output_directory/module_gene_list/module_87_data.csv
2025-04-23 11:03:43,933 - INFO - Saved module 88 data to /Users/bigyambat/Desktop/GWENA2GeneOntology/test_data/output_directory/module_gene_list/module_88_data.csv
2025-04-23 11:03:43,933 - INFO - Saved module 89 data to /Users/bigyambat/Desktop/GWENA2GeneOntology/test_data/output_directory/module_gene_list/module_89_data.csv
2025-04-23 11:03:43,934 - INFO - Saved module 9 data to /Users/bigyambat/Desktop/GWENA2GeneOntology/test_data/output_directory/module_gene_list/module_9_data.csv
2025-04-23 11:03:43,934 - INFO - Saved module 90 data to /Users/bigyambat/Desktop/GWENA2GeneOntology/test_data/output_directory/module_gene_list/module_90_data.csv
2025-04-23 11:03:43,935 - INFO - Saved module 91 data to /Users/bigyambat/Desktop/GWENA2GeneOntology/test_data/output_directory/module_gene_list/module_91_data.csv
2025-04-23 11:03:43,935 - INFO - Saved module 92 data to /Users/bigyambat/Desktop/GWENA2GeneOntology/test_data/output_directory/module_gene_list/module_92_data.csv
2025-04-23 11:03:43,935 - INFO - Saved module 93 data to /Users/bigyambat/Desktop/GWENA2GeneOntology/test_data/output_directory/module_gene_list/module_93_data.csv
2025-04-23 11:03:43,936 - INFO - Saved module 95 data to /Users/bigyambat/Desktop/GWENA2GeneOntology/test_data/output_directory/module_gene_list/module_95_data.csv
2025-04-23 11:03:43,936 - INFO - Saved module 96 data to /Users/bigyambat/Desktop/GWENA2GeneOntology/test_data/output_directory/module_gene_list/module_96_data.csv
2025-04-23 11:03:43,937 - INFO - Saved module 98 data to /Users/bigyambat/Desktop/GWENA2GeneOntology/test_data/output_directory/module_gene_list/module_98_data.csv
2025-04-23 11:03:43,937 - INFO - Saved module 99 data to /Users/bigyambat/Desktop/GWENA2GeneOntology/test_data/output_directory/module_gene_list/module_99_data.csv
2025-04-23 11:03:43,937 - INFO - Running Metascape using gene list Excel file: /Users/bigyambat/Desktop/GWENA2GeneOntology/test_data/Module_Genes_Post_Filtering.xlsx
2025-04-23 11:04:05,983 - INFO - Metascape stdout:

~~~~~~~~~~~~~~~~~~~~~~~~~~~~~~~~~~~~~~~~~~~~~~~~~~~~~~~~~~~~~~~~~~~~~~~~~~~~~~~~
    Metascape for Bioinformaticians (academic version)

                                    Version:    v3.5.20250101
                                    Licensee:   bigyambat@gmail.com
                                    Expiration: 2026-04-23
~~~~~~~~~~~~~~~~~~~~~~~~~~~~~~~~~~~~~~~~~~~~~~~~~~~~~~~~~~~~~~~~~~~~~~~~~~~~~~~~

.....45961.33..55961.34......

START> job #1, input=/Users/bigyambat/Desktop/GWENA2GeneOntology/test_data/output_directory/metascape_output/module_1/module_1_gene_list.txt, output=/Users/bigyambat/Desktop/GWENA2GeneOntology/test_data/output_directory/metascape_output/module_1
WARN> SKIP> job #1
COMPLETE> job #1, input=/Users/bigyambat/Desktop/GWENA2GeneOntology/test_data/output_directory/metascape_output/module_1/module_1_gene_list.txt, output=/Users/bigyambat/Desktop/GWENA2GeneOntology/test_data/output_directory/metascape_output/module_1
ERROR> Traceback (most recent call last):
ERROR> File "<frozen __main__>", line 4, in <module>
ERROR> File "<frozen msbio2>", line 658, in <module>
ERROR> AttributeError: 'NoneType' object has no attribute 'get'
.......

2025-04-23 11:04:05,983 - INFO - Metascape stderr:
WARNING: The requested image's platform (linux/amd64) does not match the detected host platform (linux/arm64/v8) and no specific platform was requested
WARNING: The requested image's platform (linux/amd64) does not match the detected host platform (linux/arm64/v8) and no specific platform was requested
WARNING: The requested image's platform (linux/amd64) does not match the detected host platform (linux/arm64/v8) and no specific platform was requested
WARNING: The requested image's platform (linux/amd64) does not match the detected host platform (linux/arm64/v8) and no specific platform was requested
WARNING: The requested image's platform (linux/amd64) does not match the detected host platform (linux/arm64/v8) and no specific platform was requested

2025-04-23 11:04:05,984 - INFO - Completed Metascape for module 1. Output: /Users/bigyambat/Desktop/GWENA2GeneOntology/test_data/output_directory/metascape_output/module_1
2025-04-23 11:04:25,350 - INFO - Metascape stdout:

~~~~~~~~~~~~~~~~~~~~~~~~~~~~~~~~~~~~~~~~~~~~~~~~~~~~~~~~~~~~~~~~~~~~~~~~~~~~~~~~
    Metascape for Bioinformaticians (academic version)

                                    Version:    v3.5.20250101
                                    Licensee:   bigyambat@gmail.com
                                    Expiration: 2026-04-23
~~~~~~~~~~~~~~~~~~~~~~~~~~~~~~~~~~~~~~~~~~~~~~~~~~~~~~~~~~~~~~~~~~~~~~~~~~~~~~~~

.....45961.32..55961.33......

START> job #1, input=/Users/bigyambat/Desktop/GWENA2GeneOntology/test_data/output_directory/metascape_output/module_2/module_2_gene_list.txt, output=/Users/bigyambat/Desktop/GWENA2GeneOntology/test_data/output_directory/metascape_output/module_2
WARN> SKIP> job #1
COMPLETE> job #1, input=/Users/bigyambat/Desktop/GWENA2GeneOntology/test_data/output_directory/metascape_output/module_2/module_2_gene_list.txt, output=/Users/bigyambat/Desktop/GWENA2GeneOntology/test_data/output_directory/metascape_output/module_2
ERROR> Traceback (most recent call last):
ERROR> File "<frozen __main__>", line 4, in <module>
ERROR> File "<frozen msbio2>", line 658, in <module>
ERROR> AttributeError: 'NoneType' object has no attribute 'get'
.......

2025-04-23 11:04:25,351 - INFO - Metascape stderr:
WARNING: The requested image's platform (linux/amd64) does not match the detected host platform (linux/arm64/v8) and no specific platform was requested
WARNING: The requested image's platform (linux/amd64) does not match the detected host platform (linux/arm64/v8) and no specific platform was requested
WARNING: The requested image's platform (linux/amd64) does not match the detected host platform (linux/arm64/v8) and no specific platform was requested
WARNING: The requested image's platform (linux/amd64) does not match the detected host platform (linux/arm64/v8) and no specific platform was requested
WARNING: The requested image's platform (linux/amd64) does not match the detected host platform (linux/arm64/v8) and no specific platform was requested

2025-04-23 11:04:25,352 - INFO - Completed Metascape for module 2. Output: /Users/bigyambat/Desktop/GWENA2GeneOntology/test_data/output_directory/metascape_output/module_2
2025-04-23 11:04:25,353 - INFO - Processing 85 module files for GO analysis
2025-04-23 11:04:25,353 - INFO - Running GoFigure analysis for module_0_data.csv
2025-04-23 11:04:25,359 - INFO - Creating GoFigure input for module 0
2025-04-23 11:04:25,362 - INFO - Saved GoFigure input file to /Users/bigyambat/Desktop/GWENA2GeneOntology/test_data/output_directory/GoFigure/module_0_data/module_0_GO_Terms.tsv
2025-04-23 11:04:25,363 - INFO - Found GoFigure script at /Users/bigyambat/miniforge3/pkgs/go-figure-1.0.2-hdfd78af_0/python-scripts/gofigure.py
2025-04-23 11:04:27,601 - INFO - Completed GoFigure analysis for module_0_data.csv
2025-04-23 11:04:27,602 - INFO - Running GoFigure analysis for module_1_data.csv
2025-04-23 11:04:27,608 - INFO - Creating GoFigure input for module 1
2025-04-23 11:04:27,612 - INFO - Saved GoFigure input file to /Users/bigyambat/Desktop/GWENA2GeneOntology/test_data/output_directory/GoFigure/module_1_data/module_1_GO_Terms.tsv
2025-04-23 11:04:27,612 - INFO - Found GoFigure script at /Users/bigyambat/miniforge3/pkgs/go-figure-1.0.2-hdfd78af_0/python-scripts/gofigure.py
2025-04-23 11:04:30,871 - INFO - Completed GoFigure analysis for module_1_data.csv
2025-04-23 11:04:30,872 - INFO - Running GoFigure analysis for module_10_data.csv
2025-04-23 11:04:30,874 - INFO - Creating GoFigure input for module 10
2025-04-23 11:04:30,875 - INFO - Saved GoFigure input file to /Users/bigyambat/Desktop/GWENA2GeneOntology/test_data/output_directory/GoFigure/module_10_data/module_10_GO_Terms.tsv
2025-04-23 11:04:30,875 - INFO - Found GoFigure script at /Users/bigyambat/miniforge3/pkgs/go-figure-1.0.2-hdfd78af_0/python-scripts/gofigure.py
2025-04-23 11:04:33,323 - INFO - Completed GoFigure analysis for module_10_data.csv
2025-04-23 11:04:33,324 - INFO - Running GoFigure analysis for module_100_data.csv
2025-04-23 11:04:33,326 - INFO - Creating GoFigure input for module 100
2025-04-23 11:04:33,326 - INFO - Saved GoFigure input file to /Users/bigyambat/Desktop/GWENA2GeneOntology/test_data/output_directory/GoFigure/module_100_data/module_100_GO_Terms.tsv
2025-04-23 11:04:33,326 - INFO - Found GoFigure script at /Users/bigyambat/miniforge3/pkgs/go-figure-1.0.2-hdfd78af_0/python-scripts/gofigure.py
2025-04-23 12:19:05,072 - INFO - Starting GWENA2GeneOntology Analysis
2025-04-23 12:19:05,072 - INFO - Input file: /Users/bigyambat/Desktop/GWENA2GeneOntology/test_data/Enrichment_Complete.xlsx
2025-04-23 12:19:05,072 - INFO - Output directory: /Users/bigyambat/Desktop/GWENA2GeneOntology/test_data/output_directory
2025-04-23 12:19:05,072 - INFO - Metascape location: /Users/bigyambat/Desktop/GWENA2GeneOntology/msbio_v3.5.20250101
2025-04-23 12:19:05,072 - INFO - Gene list Excel file: /Users/bigyambat/Desktop/GWENA2GeneOntology/test_data/Module_Genes_Post_Filtering.xlsx
2025-04-23 12:19:05,546 - INFO - Successfully loaded Excel file
2025-04-23 12:19:05,546 - INFO - Sample of input data:
2025-04-23 12:19:05,549 - INFO - 
   query  significant       p_value  term_size  query_size  intersection_size  precision    recall     term_id source                                                term_name  effective_domain_size  source_order        parents
0      0         True  5.123771e-03         17           2                  2   1.000000  0.117647  HP:0040196     HP                                        Mild microcephaly                   4958         15174     HP:0040195
1      1         True  3.956905e-27         74        1269                 72   0.056738  0.972973   CORUM:306  CORUM                                    Ribosome, cytoplasmic                   3383           183  CORUM:0000000
2      1         True  1.833596e-17         43        1269                 43   0.033885  1.000000   CORUM:308  CORUM                       60S ribosomal subunit, cytoplasmic                   3383           184  CORUM:0000000
3      1         True  1.219508e-13         93        1269                 72   0.056738  0.774194  CORUM:3055  CORUM                       Nop56p-associated pre-rRNA complex                   3383          1362  CORUM:0000000
4      1         True  1.184810e-10         44        1269                 39   0.030733  0.886364   CORUM:178  CORUM  Respiratory chain complex I (holoenzyme), mitochondrial                   3383            90  CORUM:0000000
2025-04-23 12:19:05,549 - INFO - Validating inputs...
2025-04-23 12:19:05,549 - INFO - Input file confirmed: /Users/bigyambat/Desktop/GWENA2GeneOntology/test_data/Enrichment_Complete.xlsx
2025-04-23 12:19:05,549 - INFO - Metascape location confirmed: /Users/bigyambat/Desktop/GWENA2GeneOntology/msbio_v3.5.20250101
2025-04-23 12:19:05,549 - INFO - Metascape script confirmed: /Users/bigyambat/Desktop/GWENA2GeneOntology/msbio_v3.5.20250101/bin/ms.sh
2025-04-23 12:19:05,549 - INFO - Output directory created/confirmed: /Users/bigyambat/Desktop/GWENA2GeneOntology/test_data/output_directory
2025-04-23 12:19:05,549 - INFO - Creating module files using query values
2025-04-23 12:19:05,553 - INFO - Saved module 0 data to /Users/bigyambat/Desktop/GWENA2GeneOntology/test_data/output_directory/module_gene_list/module_0_data.csv
2025-04-23 12:19:05,568 - INFO - Saved module 1 data to /Users/bigyambat/Desktop/GWENA2GeneOntology/test_data/output_directory/module_gene_list/module_1_data.csv
2025-04-23 12:19:05,570 - INFO - Saved module 10 data to /Users/bigyambat/Desktop/GWENA2GeneOntology/test_data/output_directory/module_gene_list/module_10_data.csv
2025-04-23 12:19:05,570 - INFO - Saved module 100 data to /Users/bigyambat/Desktop/GWENA2GeneOntology/test_data/output_directory/module_gene_list/module_100_data.csv
2025-04-23 12:19:05,571 - INFO - Saved module 101 data to /Users/bigyambat/Desktop/GWENA2GeneOntology/test_data/output_directory/module_gene_list/module_101_data.csv
2025-04-23 12:19:05,571 - INFO - Saved module 102 data to /Users/bigyambat/Desktop/GWENA2GeneOntology/test_data/output_directory/module_gene_list/module_102_data.csv
2025-04-23 12:19:05,572 - INFO - Saved module 103 data to /Users/bigyambat/Desktop/GWENA2GeneOntology/test_data/output_directory/module_gene_list/module_103_data.csv
2025-04-23 12:19:05,573 - INFO - Saved module 11 data to /Users/bigyambat/Desktop/GWENA2GeneOntology/test_data/output_directory/module_gene_list/module_11_data.csv
2025-04-23 12:19:05,574 - INFO - Saved module 12 data to /Users/bigyambat/Desktop/GWENA2GeneOntology/test_data/output_directory/module_gene_list/module_12_data.csv
2025-04-23 12:19:05,575 - INFO - Saved module 13 data to /Users/bigyambat/Desktop/GWENA2GeneOntology/test_data/output_directory/module_gene_list/module_13_data.csv
2025-04-23 12:19:05,575 - INFO - Saved module 14 data to /Users/bigyambat/Desktop/GWENA2GeneOntology/test_data/output_directory/module_gene_list/module_14_data.csv
2025-04-23 12:19:05,575 - INFO - Saved module 15 data to /Users/bigyambat/Desktop/GWENA2GeneOntology/test_data/output_directory/module_gene_list/module_15_data.csv
2025-04-23 12:19:05,576 - INFO - Saved module 16 data to /Users/bigyambat/Desktop/GWENA2GeneOntology/test_data/output_directory/module_gene_list/module_16_data.csv
2025-04-23 12:19:05,576 - INFO - Saved module 17 data to /Users/bigyambat/Desktop/GWENA2GeneOntology/test_data/output_directory/module_gene_list/module_17_data.csv
2025-04-23 12:19:05,577 - INFO - Saved module 18 data to /Users/bigyambat/Desktop/GWENA2GeneOntology/test_data/output_directory/module_gene_list/module_18_data.csv
2025-04-23 12:19:05,577 - INFO - Saved module 19 data to /Users/bigyambat/Desktop/GWENA2GeneOntology/test_data/output_directory/module_gene_list/module_19_data.csv
2025-04-23 12:19:05,581 - INFO - Saved module 2 data to /Users/bigyambat/Desktop/GWENA2GeneOntology/test_data/output_directory/module_gene_list/module_2_data.csv
2025-04-23 12:19:05,582 - INFO - Saved module 20 data to /Users/bigyambat/Desktop/GWENA2GeneOntology/test_data/output_directory/module_gene_list/module_20_data.csv
2025-04-23 12:19:05,583 - INFO - Saved module 21 data to /Users/bigyambat/Desktop/GWENA2GeneOntology/test_data/output_directory/module_gene_list/module_21_data.csv
2025-04-23 12:19:05,584 - INFO - Saved module 22 data to /Users/bigyambat/Desktop/GWENA2GeneOntology/test_data/output_directory/module_gene_list/module_22_data.csv
2025-04-23 12:19:05,584 - INFO - Saved module 23 data to /Users/bigyambat/Desktop/GWENA2GeneOntology/test_data/output_directory/module_gene_list/module_23_data.csv
2025-04-23 12:19:05,585 - INFO - Saved module 24 data to /Users/bigyambat/Desktop/GWENA2GeneOntology/test_data/output_directory/module_gene_list/module_24_data.csv
2025-04-23 12:19:05,586 - INFO - Saved module 25 data to /Users/bigyambat/Desktop/GWENA2GeneOntology/test_data/output_directory/module_gene_list/module_25_data.csv
2025-04-23 12:19:05,586 - INFO - Saved module 26 data to /Users/bigyambat/Desktop/GWENA2GeneOntology/test_data/output_directory/module_gene_list/module_26_data.csv
2025-04-23 12:19:05,586 - INFO - Saved module 27 data to /Users/bigyambat/Desktop/GWENA2GeneOntology/test_data/output_directory/module_gene_list/module_27_data.csv
2025-04-23 12:19:05,587 - INFO - Saved module 28 data to /Users/bigyambat/Desktop/GWENA2GeneOntology/test_data/output_directory/module_gene_list/module_28_data.csv
2025-04-23 12:19:05,587 - INFO - Saved module 29 data to /Users/bigyambat/Desktop/GWENA2GeneOntology/test_data/output_directory/module_gene_list/module_29_data.csv
2025-04-23 12:19:05,592 - INFO - Saved module 3 data to /Users/bigyambat/Desktop/GWENA2GeneOntology/test_data/output_directory/module_gene_list/module_3_data.csv
2025-04-23 12:19:05,593 - INFO - Saved module 30 data to /Users/bigyambat/Desktop/GWENA2GeneOntology/test_data/output_directory/module_gene_list/module_30_data.csv
2025-04-23 12:19:05,593 - INFO - Saved module 31 data to /Users/bigyambat/Desktop/GWENA2GeneOntology/test_data/output_directory/module_gene_list/module_31_data.csv
2025-04-23 12:19:05,594 - INFO - Saved module 32 data to /Users/bigyambat/Desktop/GWENA2GeneOntology/test_data/output_directory/module_gene_list/module_32_data.csv
2025-04-23 12:19:05,594 - INFO - Saved module 34 data to /Users/bigyambat/Desktop/GWENA2GeneOntology/test_data/output_directory/module_gene_list/module_34_data.csv
2025-04-23 12:19:05,595 - INFO - Saved module 36 data to /Users/bigyambat/Desktop/GWENA2GeneOntology/test_data/output_directory/module_gene_list/module_36_data.csv
2025-04-23 12:19:05,595 - INFO - Saved module 38 data to /Users/bigyambat/Desktop/GWENA2GeneOntology/test_data/output_directory/module_gene_list/module_38_data.csv
2025-04-23 12:19:05,596 - INFO - Saved module 39 data to /Users/bigyambat/Desktop/GWENA2GeneOntology/test_data/output_directory/module_gene_list/module_39_data.csv
2025-04-23 12:19:05,599 - INFO - Saved module 4 data to /Users/bigyambat/Desktop/GWENA2GeneOntology/test_data/output_directory/module_gene_list/module_4_data.csv
2025-04-23 12:19:05,600 - INFO - Saved module 41 data to /Users/bigyambat/Desktop/GWENA2GeneOntology/test_data/output_directory/module_gene_list/module_41_data.csv
2025-04-23 12:19:05,600 - INFO - Saved module 42 data to /Users/bigyambat/Desktop/GWENA2GeneOntology/test_data/output_directory/module_gene_list/module_42_data.csv
2025-04-23 12:19:05,600 - INFO - Saved module 43 data to /Users/bigyambat/Desktop/GWENA2GeneOntology/test_data/output_directory/module_gene_list/module_43_data.csv
2025-04-23 12:19:05,601 - INFO - Saved module 44 data to /Users/bigyambat/Desktop/GWENA2GeneOntology/test_data/output_directory/module_gene_list/module_44_data.csv
2025-04-23 12:19:05,601 - INFO - Saved module 46 data to /Users/bigyambat/Desktop/GWENA2GeneOntology/test_data/output_directory/module_gene_list/module_46_data.csv
2025-04-23 12:19:05,602 - INFO - Saved module 48 data to /Users/bigyambat/Desktop/GWENA2GeneOntology/test_data/output_directory/module_gene_list/module_48_data.csv
2025-04-23 12:19:05,604 - INFO - Saved module 5 data to /Users/bigyambat/Desktop/GWENA2GeneOntology/test_data/output_directory/module_gene_list/module_5_data.csv
2025-04-23 12:19:05,604 - INFO - Saved module 51 data to /Users/bigyambat/Desktop/GWENA2GeneOntology/test_data/output_directory/module_gene_list/module_51_data.csv
2025-04-23 12:19:05,605 - INFO - Saved module 52 data to /Users/bigyambat/Desktop/GWENA2GeneOntology/test_data/output_directory/module_gene_list/module_52_data.csv
2025-04-23 12:19:05,605 - INFO - Saved module 53 data to /Users/bigyambat/Desktop/GWENA2GeneOntology/test_data/output_directory/module_gene_list/module_53_data.csv
2025-04-23 12:19:05,606 - INFO - Saved module 54 data to /Users/bigyambat/Desktop/GWENA2GeneOntology/test_data/output_directory/module_gene_list/module_54_data.csv
2025-04-23 12:19:05,606 - INFO - Saved module 55 data to /Users/bigyambat/Desktop/GWENA2GeneOntology/test_data/output_directory/module_gene_list/module_55_data.csv
2025-04-23 12:19:05,607 - INFO - Saved module 56 data to /Users/bigyambat/Desktop/GWENA2GeneOntology/test_data/output_directory/module_gene_list/module_56_data.csv
2025-04-23 12:19:05,607 - INFO - Saved module 58 data to /Users/bigyambat/Desktop/GWENA2GeneOntology/test_data/output_directory/module_gene_list/module_58_data.csv
2025-04-23 12:19:05,608 - INFO - Saved module 59 data to /Users/bigyambat/Desktop/GWENA2GeneOntology/test_data/output_directory/module_gene_list/module_59_data.csv
2025-04-23 12:19:05,609 - INFO - Saved module 6 data to /Users/bigyambat/Desktop/GWENA2GeneOntology/test_data/output_directory/module_gene_list/module_6_data.csv
2025-04-23 12:19:05,610 - INFO - Saved module 61 data to /Users/bigyambat/Desktop/GWENA2GeneOntology/test_data/output_directory/module_gene_list/module_61_data.csv
2025-04-23 12:19:05,611 - INFO - Saved module 62 data to /Users/bigyambat/Desktop/GWENA2GeneOntology/test_data/output_directory/module_gene_list/module_62_data.csv
2025-04-23 12:19:05,611 - INFO - Saved module 63 data to /Users/bigyambat/Desktop/GWENA2GeneOntology/test_data/output_directory/module_gene_list/module_63_data.csv
2025-04-23 12:19:05,612 - INFO - Saved module 64 data to /Users/bigyambat/Desktop/GWENA2GeneOntology/test_data/output_directory/module_gene_list/module_64_data.csv
2025-04-23 12:19:05,612 - INFO - Saved module 66 data to /Users/bigyambat/Desktop/GWENA2GeneOntology/test_data/output_directory/module_gene_list/module_66_data.csv
2025-04-23 12:19:05,613 - INFO - Saved module 67 data to /Users/bigyambat/Desktop/GWENA2GeneOntology/test_data/output_directory/module_gene_list/module_67_data.csv
2025-04-23 12:19:05,613 - INFO - Saved module 68 data to /Users/bigyambat/Desktop/GWENA2GeneOntology/test_data/output_directory/module_gene_list/module_68_data.csv
2025-04-23 12:19:05,615 - INFO - Saved module 7 data to /Users/bigyambat/Desktop/GWENA2GeneOntology/test_data/output_directory/module_gene_list/module_7_data.csv
2025-04-23 12:19:05,616 - INFO - Saved module 71 data to /Users/bigyambat/Desktop/GWENA2GeneOntology/test_data/output_directory/module_gene_list/module_71_data.csv
2025-04-23 12:19:05,616 - INFO - Saved module 72 data to /Users/bigyambat/Desktop/GWENA2GeneOntology/test_data/output_directory/module_gene_list/module_72_data.csv
2025-04-23 12:19:05,617 - INFO - Saved module 73 data to /Users/bigyambat/Desktop/GWENA2GeneOntology/test_data/output_directory/module_gene_list/module_73_data.csv
2025-04-23 12:19:05,617 - INFO - Saved module 74 data to /Users/bigyambat/Desktop/GWENA2GeneOntology/test_data/output_directory/module_gene_list/module_74_data.csv
2025-04-23 12:19:05,618 - INFO - Saved module 75 data to /Users/bigyambat/Desktop/GWENA2GeneOntology/test_data/output_directory/module_gene_list/module_75_data.csv
2025-04-23 12:19:05,618 - INFO - Saved module 76 data to /Users/bigyambat/Desktop/GWENA2GeneOntology/test_data/output_directory/module_gene_list/module_76_data.csv
2025-04-23 12:19:05,618 - INFO - Saved module 77 data to /Users/bigyambat/Desktop/GWENA2GeneOntology/test_data/output_directory/module_gene_list/module_77_data.csv
2025-04-23 12:19:05,619 - INFO - Saved module 78 data to /Users/bigyambat/Desktop/GWENA2GeneOntology/test_data/output_directory/module_gene_list/module_78_data.csv
2025-04-23 12:19:05,620 - INFO - Saved module 8 data to /Users/bigyambat/Desktop/GWENA2GeneOntology/test_data/output_directory/module_gene_list/module_8_data.csv
2025-04-23 12:19:05,620 - INFO - Saved module 81 data to /Users/bigyambat/Desktop/GWENA2GeneOntology/test_data/output_directory/module_gene_list/module_81_data.csv
2025-04-23 12:19:05,621 - INFO - Saved module 82 data to /Users/bigyambat/Desktop/GWENA2GeneOntology/test_data/output_directory/module_gene_list/module_82_data.csv
2025-04-23 12:19:05,621 - INFO - Saved module 83 data to /Users/bigyambat/Desktop/GWENA2GeneOntology/test_data/output_directory/module_gene_list/module_83_data.csv
2025-04-23 12:19:05,622 - INFO - Saved module 86 data to /Users/bigyambat/Desktop/GWENA2GeneOntology/test_data/output_directory/module_gene_list/module_86_data.csv
2025-04-23 12:19:05,622 - INFO - Saved module 87 data to /Users/bigyambat/Desktop/GWENA2GeneOntology/test_data/output_directory/module_gene_list/module_87_data.csv
2025-04-23 12:19:05,622 - INFO - Saved module 88 data to /Users/bigyambat/Desktop/GWENA2GeneOntology/test_data/output_directory/module_gene_list/module_88_data.csv
2025-04-23 12:19:05,623 - INFO - Saved module 89 data to /Users/bigyambat/Desktop/GWENA2GeneOntology/test_data/output_directory/module_gene_list/module_89_data.csv
2025-04-23 12:19:05,624 - INFO - Saved module 9 data to /Users/bigyambat/Desktop/GWENA2GeneOntology/test_data/output_directory/module_gene_list/module_9_data.csv
2025-04-23 12:19:05,624 - INFO - Saved module 90 data to /Users/bigyambat/Desktop/GWENA2GeneOntology/test_data/output_directory/module_gene_list/module_90_data.csv
2025-04-23 12:19:05,624 - INFO - Saved module 91 data to /Users/bigyambat/Desktop/GWENA2GeneOntology/test_data/output_directory/module_gene_list/module_91_data.csv
2025-04-23 12:19:05,625 - INFO - Saved module 92 data to /Users/bigyambat/Desktop/GWENA2GeneOntology/test_data/output_directory/module_gene_list/module_92_data.csv
2025-04-23 12:19:05,625 - INFO - Saved module 93 data to /Users/bigyambat/Desktop/GWENA2GeneOntology/test_data/output_directory/module_gene_list/module_93_data.csv
2025-04-23 12:19:05,626 - INFO - Saved module 95 data to /Users/bigyambat/Desktop/GWENA2GeneOntology/test_data/output_directory/module_gene_list/module_95_data.csv
2025-04-23 12:19:05,627 - INFO - Saved module 96 data to /Users/bigyambat/Desktop/GWENA2GeneOntology/test_data/output_directory/module_gene_list/module_96_data.csv
2025-04-23 12:19:05,627 - INFO - Saved module 98 data to /Users/bigyambat/Desktop/GWENA2GeneOntology/test_data/output_directory/module_gene_list/module_98_data.csv
2025-04-23 12:19:05,628 - INFO - Saved module 99 data to /Users/bigyambat/Desktop/GWENA2GeneOntology/test_data/output_directory/module_gene_list/module_99_data.csv
2025-04-23 12:19:05,628 - INFO - Running Metascape using gene list Excel file: /Users/bigyambat/Desktop/GWENA2GeneOntology/test_data/Module_Genes_Post_Filtering.xlsx
2025-04-23 12:19:27,679 - INFO - Metascape stdout:

~~~~~~~~~~~~~~~~~~~~~~~~~~~~~~~~~~~~~~~~~~~~~~~~~~~~~~~~~~~~~~~~~~~~~~~~~~~~~~~~
    Metascape for Bioinformaticians (academic version)

                                    Version:    v3.5.20250101
                                    Licensee:   bigyambat@gmail.com
                                    Expiration: 2026-04-23
~~~~~~~~~~~~~~~~~~~~~~~~~~~~~~~~~~~~~~~~~~~~~~~~~~~~~~~~~~~~~~~~~~~~~~~~~~~~~~~~

.....45961.33..55961.34......

START> job #1, input=/Users/bigyambat/Desktop/GWENA2GeneOntology/test_data/output_directory/metascape_output/module_1/module_1_gene_list.txt, output=/Users/bigyambat/Desktop/GWENA2GeneOntology/test_data/output_directory/metascape_output/module_1
WARN> SKIP> job #1
COMPLETE> job #1, input=/Users/bigyambat/Desktop/GWENA2GeneOntology/test_data/output_directory/metascape_output/module_1/module_1_gene_list.txt, output=/Users/bigyambat/Desktop/GWENA2GeneOntology/test_data/output_directory/metascape_output/module_1
ERROR> Traceback (most recent call last):
ERROR> File "<frozen __main__>", line 4, in <module>
ERROR> File "<frozen msbio2>", line 658, in <module>
ERROR> AttributeError: 'NoneType' object has no attribute 'get'
.......

2025-04-23 12:19:27,679 - INFO - Metascape stderr:
WARNING: The requested image's platform (linux/amd64) does not match the detected host platform (linux/arm64/v8) and no specific platform was requested
WARNING: The requested image's platform (linux/amd64) does not match the detected host platform (linux/arm64/v8) and no specific platform was requested
WARNING: The requested image's platform (linux/amd64) does not match the detected host platform (linux/arm64/v8) and no specific platform was requested
WARNING: The requested image's platform (linux/amd64) does not match the detected host platform (linux/arm64/v8) and no specific platform was requested
WARNING: The requested image's platform (linux/amd64) does not match the detected host platform (linux/arm64/v8) and no specific platform was requested

2025-04-23 12:19:27,679 - INFO - Completed Metascape for module 1. Output: /Users/bigyambat/Desktop/GWENA2GeneOntology/test_data/output_directory/metascape_output/module_1
2025-04-23 12:23:59,848 - INFO - Starting GWENA2GeneOntology Analysis
2025-04-23 12:23:59,848 - INFO - Input file: /Users/bigyambat/Desktop/GWENA2GeneOntology/test_data/Enrichment_Complete.xlsx
2025-04-23 12:23:59,848 - INFO - Output directory: /Users/bigyambat/Desktop/GWENA2GeneOntology/test_data/output_directory
2025-04-23 12:23:59,848 - INFO - Metascape location: /Users/bigyambat/Desktop/GWENA2GeneOntology/msbio_v3.5.20250101
2025-04-23 12:23:59,848 - INFO - Gene list Excel file: /Users/bigyambat/Desktop/GWENA2GeneOntology/test_data/Module_Genes_Post_Filtering.xlsx
2025-04-23 12:24:00,344 - INFO - Successfully loaded Excel file
2025-04-23 12:24:00,344 - INFO - Sample of input data:
2025-04-23 12:24:00,347 - INFO - 
   query  significant       p_value  term_size  query_size  intersection_size  precision    recall     term_id source                                                term_name  effective_domain_size  source_order        parents
0      0         True  5.123771e-03         17           2                  2   1.000000  0.117647  HP:0040196     HP                                        Mild microcephaly                   4958         15174     HP:0040195
1      1         True  3.956905e-27         74        1269                 72   0.056738  0.972973   CORUM:306  CORUM                                    Ribosome, cytoplasmic                   3383           183  CORUM:0000000
2      1         True  1.833596e-17         43        1269                 43   0.033885  1.000000   CORUM:308  CORUM                       60S ribosomal subunit, cytoplasmic                   3383           184  CORUM:0000000
3      1         True  1.219508e-13         93        1269                 72   0.056738  0.774194  CORUM:3055  CORUM                       Nop56p-associated pre-rRNA complex                   3383          1362  CORUM:0000000
4      1         True  1.184810e-10         44        1269                 39   0.030733  0.886364   CORUM:178  CORUM  Respiratory chain complex I (holoenzyme), mitochondrial                   3383            90  CORUM:0000000
2025-04-23 12:24:00,347 - INFO - Validating inputs...
2025-04-23 12:24:00,348 - INFO - Input file confirmed: /Users/bigyambat/Desktop/GWENA2GeneOntology/test_data/Enrichment_Complete.xlsx
2025-04-23 12:24:00,348 - INFO - Metascape location confirmed: /Users/bigyambat/Desktop/GWENA2GeneOntology/msbio_v3.5.20250101
2025-04-23 12:24:00,348 - INFO - Metascape script confirmed: /Users/bigyambat/Desktop/GWENA2GeneOntology/msbio_v3.5.20250101/bin/ms.sh
2025-04-23 12:24:00,348 - INFO - Output directory created/confirmed: /Users/bigyambat/Desktop/GWENA2GeneOntology/test_data/output_directory
2025-04-23 12:24:00,348 - INFO - Creating module files using query values
2025-04-23 12:24:00,351 - INFO - Saved module 0 data to /Users/bigyambat/Desktop/GWENA2GeneOntology/test_data/output_directory/module_gene_list/module_0_data.csv
2025-04-23 12:24:00,366 - INFO - Saved module 1 data to /Users/bigyambat/Desktop/GWENA2GeneOntology/test_data/output_directory/module_gene_list/module_1_data.csv
2025-04-23 12:24:00,368 - INFO - Saved module 10 data to /Users/bigyambat/Desktop/GWENA2GeneOntology/test_data/output_directory/module_gene_list/module_10_data.csv
2025-04-23 12:24:00,369 - INFO - Saved module 100 data to /Users/bigyambat/Desktop/GWENA2GeneOntology/test_data/output_directory/module_gene_list/module_100_data.csv
2025-04-23 12:24:00,369 - INFO - Saved module 101 data to /Users/bigyambat/Desktop/GWENA2GeneOntology/test_data/output_directory/module_gene_list/module_101_data.csv
2025-04-23 12:24:00,370 - INFO - Saved module 102 data to /Users/bigyambat/Desktop/GWENA2GeneOntology/test_data/output_directory/module_gene_list/module_102_data.csv
2025-04-23 12:24:00,370 - INFO - Saved module 103 data to /Users/bigyambat/Desktop/GWENA2GeneOntology/test_data/output_directory/module_gene_list/module_103_data.csv
2025-04-23 12:24:00,372 - INFO - Saved module 11 data to /Users/bigyambat/Desktop/GWENA2GeneOntology/test_data/output_directory/module_gene_list/module_11_data.csv
2025-04-23 12:24:00,373 - INFO - Saved module 12 data to /Users/bigyambat/Desktop/GWENA2GeneOntology/test_data/output_directory/module_gene_list/module_12_data.csv
2025-04-23 12:24:00,374 - INFO - Saved module 13 data to /Users/bigyambat/Desktop/GWENA2GeneOntology/test_data/output_directory/module_gene_list/module_13_data.csv
2025-04-23 12:24:00,374 - INFO - Saved module 14 data to /Users/bigyambat/Desktop/GWENA2GeneOntology/test_data/output_directory/module_gene_list/module_14_data.csv
2025-04-23 12:24:00,375 - INFO - Saved module 15 data to /Users/bigyambat/Desktop/GWENA2GeneOntology/test_data/output_directory/module_gene_list/module_15_data.csv
2025-04-23 12:24:00,375 - INFO - Saved module 16 data to /Users/bigyambat/Desktop/GWENA2GeneOntology/test_data/output_directory/module_gene_list/module_16_data.csv
2025-04-23 12:24:00,376 - INFO - Saved module 17 data to /Users/bigyambat/Desktop/GWENA2GeneOntology/test_data/output_directory/module_gene_list/module_17_data.csv
2025-04-23 12:24:00,376 - INFO - Saved module 18 data to /Users/bigyambat/Desktop/GWENA2GeneOntology/test_data/output_directory/module_gene_list/module_18_data.csv
2025-04-23 12:24:00,377 - INFO - Saved module 19 data to /Users/bigyambat/Desktop/GWENA2GeneOntology/test_data/output_directory/module_gene_list/module_19_data.csv
2025-04-23 12:24:00,381 - INFO - Saved module 2 data to /Users/bigyambat/Desktop/GWENA2GeneOntology/test_data/output_directory/module_gene_list/module_2_data.csv
2025-04-23 12:24:00,382 - INFO - Saved module 20 data to /Users/bigyambat/Desktop/GWENA2GeneOntology/test_data/output_directory/module_gene_list/module_20_data.csv
2025-04-23 12:24:00,383 - INFO - Saved module 21 data to /Users/bigyambat/Desktop/GWENA2GeneOntology/test_data/output_directory/module_gene_list/module_21_data.csv
2025-04-23 12:24:00,383 - INFO - Saved module 22 data to /Users/bigyambat/Desktop/GWENA2GeneOntology/test_data/output_directory/module_gene_list/module_22_data.csv
2025-04-23 12:24:00,384 - INFO - Saved module 23 data to /Users/bigyambat/Desktop/GWENA2GeneOntology/test_data/output_directory/module_gene_list/module_23_data.csv
2025-04-23 12:24:00,384 - INFO - Saved module 24 data to /Users/bigyambat/Desktop/GWENA2GeneOntology/test_data/output_directory/module_gene_list/module_24_data.csv
2025-04-23 12:24:00,385 - INFO - Saved module 25 data to /Users/bigyambat/Desktop/GWENA2GeneOntology/test_data/output_directory/module_gene_list/module_25_data.csv
2025-04-23 12:24:00,386 - INFO - Saved module 26 data to /Users/bigyambat/Desktop/GWENA2GeneOntology/test_data/output_directory/module_gene_list/module_26_data.csv
2025-04-23 12:24:00,387 - INFO - Saved module 27 data to /Users/bigyambat/Desktop/GWENA2GeneOntology/test_data/output_directory/module_gene_list/module_27_data.csv
2025-04-23 12:24:00,387 - INFO - Saved module 28 data to /Users/bigyambat/Desktop/GWENA2GeneOntology/test_data/output_directory/module_gene_list/module_28_data.csv
2025-04-23 12:24:00,388 - INFO - Saved module 29 data to /Users/bigyambat/Desktop/GWENA2GeneOntology/test_data/output_directory/module_gene_list/module_29_data.csv
2025-04-23 12:24:00,392 - INFO - Saved module 3 data to /Users/bigyambat/Desktop/GWENA2GeneOntology/test_data/output_directory/module_gene_list/module_3_data.csv
2025-04-23 12:24:00,392 - INFO - Saved module 30 data to /Users/bigyambat/Desktop/GWENA2GeneOntology/test_data/output_directory/module_gene_list/module_30_data.csv
2025-04-23 12:24:00,393 - INFO - Saved module 31 data to /Users/bigyambat/Desktop/GWENA2GeneOntology/test_data/output_directory/module_gene_list/module_31_data.csv
2025-04-23 12:24:00,393 - INFO - Saved module 32 data to /Users/bigyambat/Desktop/GWENA2GeneOntology/test_data/output_directory/module_gene_list/module_32_data.csv
2025-04-23 12:24:00,394 - INFO - Saved module 34 data to /Users/bigyambat/Desktop/GWENA2GeneOntology/test_data/output_directory/module_gene_list/module_34_data.csv
2025-04-23 12:24:00,394 - INFO - Saved module 36 data to /Users/bigyambat/Desktop/GWENA2GeneOntology/test_data/output_directory/module_gene_list/module_36_data.csv
2025-04-23 12:24:00,395 - INFO - Saved module 38 data to /Users/bigyambat/Desktop/GWENA2GeneOntology/test_data/output_directory/module_gene_list/module_38_data.csv
2025-04-23 12:24:00,395 - INFO - Saved module 39 data to /Users/bigyambat/Desktop/GWENA2GeneOntology/test_data/output_directory/module_gene_list/module_39_data.csv
2025-04-23 12:24:00,398 - INFO - Saved module 4 data to /Users/bigyambat/Desktop/GWENA2GeneOntology/test_data/output_directory/module_gene_list/module_4_data.csv
2025-04-23 12:24:00,399 - INFO - Saved module 41 data to /Users/bigyambat/Desktop/GWENA2GeneOntology/test_data/output_directory/module_gene_list/module_41_data.csv
2025-04-23 12:24:00,400 - INFO - Saved module 42 data to /Users/bigyambat/Desktop/GWENA2GeneOntology/test_data/output_directory/module_gene_list/module_42_data.csv
2025-04-23 12:24:00,401 - INFO - Saved module 43 data to /Users/bigyambat/Desktop/GWENA2GeneOntology/test_data/output_directory/module_gene_list/module_43_data.csv
2025-04-23 12:24:00,402 - INFO - Saved module 44 data to /Users/bigyambat/Desktop/GWENA2GeneOntology/test_data/output_directory/module_gene_list/module_44_data.csv
2025-04-23 12:24:00,403 - INFO - Saved module 46 data to /Users/bigyambat/Desktop/GWENA2GeneOntology/test_data/output_directory/module_gene_list/module_46_data.csv
2025-04-23 12:24:00,403 - INFO - Saved module 48 data to /Users/bigyambat/Desktop/GWENA2GeneOntology/test_data/output_directory/module_gene_list/module_48_data.csv
2025-04-23 12:24:00,404 - INFO - Saved module 5 data to /Users/bigyambat/Desktop/GWENA2GeneOntology/test_data/output_directory/module_gene_list/module_5_data.csv
2025-04-23 12:24:00,405 - INFO - Saved module 51 data to /Users/bigyambat/Desktop/GWENA2GeneOntology/test_data/output_directory/module_gene_list/module_51_data.csv
2025-04-23 12:24:00,405 - INFO - Saved module 52 data to /Users/bigyambat/Desktop/GWENA2GeneOntology/test_data/output_directory/module_gene_list/module_52_data.csv
2025-04-23 12:24:00,406 - INFO - Saved module 53 data to /Users/bigyambat/Desktop/GWENA2GeneOntology/test_data/output_directory/module_gene_list/module_53_data.csv
2025-04-23 12:24:00,406 - INFO - Saved module 54 data to /Users/bigyambat/Desktop/GWENA2GeneOntology/test_data/output_directory/module_gene_list/module_54_data.csv
2025-04-23 12:24:00,407 - INFO - Saved module 55 data to /Users/bigyambat/Desktop/GWENA2GeneOntology/test_data/output_directory/module_gene_list/module_55_data.csv
2025-04-23 12:24:00,407 - INFO - Saved module 56 data to /Users/bigyambat/Desktop/GWENA2GeneOntology/test_data/output_directory/module_gene_list/module_56_data.csv
2025-04-23 12:24:00,408 - INFO - Saved module 58 data to /Users/bigyambat/Desktop/GWENA2GeneOntology/test_data/output_directory/module_gene_list/module_58_data.csv
2025-04-23 12:24:00,408 - INFO - Saved module 59 data to /Users/bigyambat/Desktop/GWENA2GeneOntology/test_data/output_directory/module_gene_list/module_59_data.csv
2025-04-23 12:24:00,409 - INFO - Saved module 6 data to /Users/bigyambat/Desktop/GWENA2GeneOntology/test_data/output_directory/module_gene_list/module_6_data.csv
2025-04-23 12:24:00,409 - INFO - Saved module 61 data to /Users/bigyambat/Desktop/GWENA2GeneOntology/test_data/output_directory/module_gene_list/module_61_data.csv
2025-04-23 12:24:00,410 - INFO - Saved module 62 data to /Users/bigyambat/Desktop/GWENA2GeneOntology/test_data/output_directory/module_gene_list/module_62_data.csv
2025-04-23 12:24:00,411 - INFO - Saved module 63 data to /Users/bigyambat/Desktop/GWENA2GeneOntology/test_data/output_directory/module_gene_list/module_63_data.csv
2025-04-23 12:24:00,411 - INFO - Saved module 64 data to /Users/bigyambat/Desktop/GWENA2GeneOntology/test_data/output_directory/module_gene_list/module_64_data.csv
2025-04-23 12:24:00,411 - INFO - Saved module 66 data to /Users/bigyambat/Desktop/GWENA2GeneOntology/test_data/output_directory/module_gene_list/module_66_data.csv
2025-04-23 12:24:00,412 - INFO - Saved module 67 data to /Users/bigyambat/Desktop/GWENA2GeneOntology/test_data/output_directory/module_gene_list/module_67_data.csv
2025-04-23 12:24:00,412 - INFO - Saved module 68 data to /Users/bigyambat/Desktop/GWENA2GeneOntology/test_data/output_directory/module_gene_list/module_68_data.csv
2025-04-23 12:24:00,414 - INFO - Saved module 7 data to /Users/bigyambat/Desktop/GWENA2GeneOntology/test_data/output_directory/module_gene_list/module_7_data.csv
2025-04-23 12:24:00,414 - INFO - Saved module 71 data to /Users/bigyambat/Desktop/GWENA2GeneOntology/test_data/output_directory/module_gene_list/module_71_data.csv
2025-04-23 12:24:00,415 - INFO - Saved module 72 data to /Users/bigyambat/Desktop/GWENA2GeneOntology/test_data/output_directory/module_gene_list/module_72_data.csv
2025-04-23 12:24:00,415 - INFO - Saved module 73 data to /Users/bigyambat/Desktop/GWENA2GeneOntology/test_data/output_directory/module_gene_list/module_73_data.csv
2025-04-23 12:24:00,416 - INFO - Saved module 74 data to /Users/bigyambat/Desktop/GWENA2GeneOntology/test_data/output_directory/module_gene_list/module_74_data.csv
2025-04-23 12:24:00,416 - INFO - Saved module 75 data to /Users/bigyambat/Desktop/GWENA2GeneOntology/test_data/output_directory/module_gene_list/module_75_data.csv
2025-04-23 12:24:00,417 - INFO - Saved module 76 data to /Users/bigyambat/Desktop/GWENA2GeneOntology/test_data/output_directory/module_gene_list/module_76_data.csv
2025-04-23 12:24:00,417 - INFO - Saved module 77 data to /Users/bigyambat/Desktop/GWENA2GeneOntology/test_data/output_directory/module_gene_list/module_77_data.csv
2025-04-23 12:24:00,418 - INFO - Saved module 78 data to /Users/bigyambat/Desktop/GWENA2GeneOntology/test_data/output_directory/module_gene_list/module_78_data.csv
2025-04-23 12:24:00,419 - INFO - Saved module 8 data to /Users/bigyambat/Desktop/GWENA2GeneOntology/test_data/output_directory/module_gene_list/module_8_data.csv
2025-04-23 12:24:00,420 - INFO - Saved module 81 data to /Users/bigyambat/Desktop/GWENA2GeneOntology/test_data/output_directory/module_gene_list/module_81_data.csv
2025-04-23 12:24:00,420 - INFO - Saved module 82 data to /Users/bigyambat/Desktop/GWENA2GeneOntology/test_data/output_directory/module_gene_list/module_82_data.csv
2025-04-23 12:24:00,421 - INFO - Saved module 83 data to /Users/bigyambat/Desktop/GWENA2GeneOntology/test_data/output_directory/module_gene_list/module_83_data.csv
2025-04-23 12:24:00,421 - INFO - Saved module 86 data to /Users/bigyambat/Desktop/GWENA2GeneOntology/test_data/output_directory/module_gene_list/module_86_data.csv
2025-04-23 12:24:00,422 - INFO - Saved module 87 data to /Users/bigyambat/Desktop/GWENA2GeneOntology/test_data/output_directory/module_gene_list/module_87_data.csv
2025-04-23 12:24:00,422 - INFO - Saved module 88 data to /Users/bigyambat/Desktop/GWENA2GeneOntology/test_data/output_directory/module_gene_list/module_88_data.csv
2025-04-23 12:24:00,423 - INFO - Saved module 89 data to /Users/bigyambat/Desktop/GWENA2GeneOntology/test_data/output_directory/module_gene_list/module_89_data.csv
2025-04-23 12:24:00,424 - INFO - Saved module 9 data to /Users/bigyambat/Desktop/GWENA2GeneOntology/test_data/output_directory/module_gene_list/module_9_data.csv
2025-04-23 12:24:00,424 - INFO - Saved module 90 data to /Users/bigyambat/Desktop/GWENA2GeneOntology/test_data/output_directory/module_gene_list/module_90_data.csv
2025-04-23 12:24:00,424 - INFO - Saved module 91 data to /Users/bigyambat/Desktop/GWENA2GeneOntology/test_data/output_directory/module_gene_list/module_91_data.csv
2025-04-23 12:24:00,425 - INFO - Saved module 92 data to /Users/bigyambat/Desktop/GWENA2GeneOntology/test_data/output_directory/module_gene_list/module_92_data.csv
2025-04-23 12:24:00,425 - INFO - Saved module 93 data to /Users/bigyambat/Desktop/GWENA2GeneOntology/test_data/output_directory/module_gene_list/module_93_data.csv
2025-04-23 12:24:00,426 - INFO - Saved module 95 data to /Users/bigyambat/Desktop/GWENA2GeneOntology/test_data/output_directory/module_gene_list/module_95_data.csv
2025-04-23 12:24:00,426 - INFO - Saved module 96 data to /Users/bigyambat/Desktop/GWENA2GeneOntology/test_data/output_directory/module_gene_list/module_96_data.csv
2025-04-23 12:24:00,427 - INFO - Saved module 98 data to /Users/bigyambat/Desktop/GWENA2GeneOntology/test_data/output_directory/module_gene_list/module_98_data.csv
2025-04-23 12:24:00,427 - INFO - Saved module 99 data to /Users/bigyambat/Desktop/GWENA2GeneOntology/test_data/output_directory/module_gene_list/module_99_data.csv
2025-04-23 12:24:00,427 - INFO - Running Metascape using gene list Excel file: /Users/bigyambat/Desktop/GWENA2GeneOntology/test_data/Module_Genes_Post_Filtering.xlsx
2025-04-23 12:24:19,673 - INFO - Metascape stdout:

~~~~~~~~~~~~~~~~~~~~~~~~~~~~~~~~~~~~~~~~~~~~~~~~~~~~~~~~~~~~~~~~~~~~~~~~~~~~~~~~
    Metascape for Bioinformaticians (academic version)

                                    Version:    v3.5.20250101
                                    Licensee:   bigyambat@gmail.com
                                    Expiration: 2026-04-23
~~~~~~~~~~~~~~~~~~~~~~~~~~~~~~~~~~~~~~~~~~~~~~~~~~~~~~~~~~~~~~~~~~~~~~~~~~~~~~~~

.....45961.33..55961.34......

START> job #1, input=/Users/bigyambat/Desktop/GWENA2GeneOntology/test_data/output_directory/metascape_output/module_1/module_1_gene_list.txt, output=/Users/bigyambat/Desktop/GWENA2GeneOntology/test_data/output_directory/metascape_output/module_1
WARN> SKIP> job #1
COMPLETE> job #1, input=/Users/bigyambat/Desktop/GWENA2GeneOntology/test_data/output_directory/metascape_output/module_1/module_1_gene_list.txt, output=/Users/bigyambat/Desktop/GWENA2GeneOntology/test_data/output_directory/metascape_output/module_1
ERROR> Traceback (most recent call last):
ERROR> File "<frozen __main__>", line 4, in <module>
ERROR> File "<frozen msbio2>", line 658, in <module>
ERROR> AttributeError: 'NoneType' object has no attribute 'get'
.......

2025-04-23 12:24:19,674 - INFO - Metascape stderr:
WARNING: The requested image's platform (linux/amd64) does not match the detected host platform (linux/arm64/v8) and no specific platform was requested
WARNING: The requested image's platform (linux/amd64) does not match the detected host platform (linux/arm64/v8) and no specific platform was requested
WARNING: The requested image's platform (linux/amd64) does not match the detected host platform (linux/arm64/v8) and no specific platform was requested
WARNING: The requested image's platform (linux/amd64) does not match the detected host platform (linux/arm64/v8) and no specific platform was requested
WARNING: The requested image's platform (linux/amd64) does not match the detected host platform (linux/arm64/v8) and no specific platform was requested

2025-04-23 12:24:19,674 - INFO - Completed Metascape for module 1. Output: /Users/bigyambat/Desktop/GWENA2GeneOntology/test_data/output_directory/metascape_output/module_1
